2021-05-20 09:49:26,993 [Worker-3: Loading available Gradle versions] INFO  o.e.b.c.i.u.g.PublishedGradleVersions - Gradle version information cache is up-to-date. Trying to read.
2021-05-20 09:51:03,665 [Worker-6: Creating maven-archetype-quickstart] INFO  o.e.m.c.i.p.ProjectConfigurationManager - Collecting project info '/pom.xml' D:\EclipseProject\AutomationFrameworkAPI\AutomationFrameworkAPI\pom.xml
2021-05-20 09:51:05,726 [Worker-6: Creating maven-archetype-quickstart] INFO  o.e.m.c.i.l.LifecycleMappingFactory - Using org.eclipse.m2e.jdt.JarLifecycleMapping lifecycle mapping for MavenProject: PragatiTraining:AutomationFrameworkAPI:0.0.1-SNAPSHOT @ D:\EclipseProject\AutomationFrameworkAPI\AutomationFrameworkAPI\pom.xml.
2021-05-20 09:51:07,584 [Worker-6: Creating maven-archetype-quickstart] INFO  o.e.m.j.i.AbstractJavaProjectConfigurator - Adding source folder /AutomationFrameworkAPI/src/main/java
2021-05-20 09:51:07,596 [Worker-6: Creating maven-archetype-quickstart] INFO  o.e.m.j.i.AbstractJavaProjectConfigurator - Adding source folder /AutomationFrameworkAPI/src/test/java
2021-05-20 09:51:09,439 [Worker-6: Creating maven-archetype-quickstart] INFO  o.e.m.c.i.p.ProjectConfigurationManager - Imported and configured 1 project(s) in 5 sec
2021-05-20 09:51:11,312 [Worker-0: Building] INFO  o.e.m.c.i.embedder.EclipseLogger - Using 'UTF-8' encoding to copy filtered resources.
2021-05-20 09:51:11,313 [Worker-0: Building] INFO  o.e.m.c.i.embedder.EclipseLogger - skip non existing resourceDirectory D:\EclipseProject\AutomationFrameworkAPI\AutomationFrameworkAPI\src\main\resources
2021-05-20 09:51:11,317 [Worker-0: Building] INFO  o.e.m.c.i.embedder.EclipseLogger - Using 'UTF-8' encoding to copy filtered resources.
2021-05-20 09:51:11,317 [Worker-0: Building] INFO  o.e.m.c.i.embedder.EclipseLogger - skip non existing resourceDirectory D:\EclipseProject\AutomationFrameworkAPI\AutomationFrameworkAPI\src\test\resources
2021-05-20 09:51:40,075 [Worker-7: Building] INFO  o.e.m.c.i.embedder.EclipseLogger - Using 'UTF-8' encoding to copy filtered resources.
2021-05-20 09:51:40,075 [Worker-7: Building] INFO  o.e.m.c.i.embedder.EclipseLogger - skip non existing resourceDirectory D:\EclipseProject\AutomationFrameworkAPI\AutomationFrameworkAPI\src\main\resources
2021-05-20 09:51:40,078 [Worker-7: Building] INFO  o.e.m.c.i.embedder.EclipseLogger - Using 'UTF-8' encoding to copy filtered resources.
2021-05-20 09:51:40,078 [Worker-7: Building] INFO  o.e.m.c.i.embedder.EclipseLogger - skip non existing resourceDirectory D:\EclipseProject\AutomationFrameworkAPI\AutomationFrameworkAPI\src\test\resources
2021-05-20 09:51:48,030 [Worker-10: Building] INFO  o.e.m.c.i.embedder.EclipseLogger - Using 'UTF-8' encoding to copy filtered resources.
2021-05-20 09:51:48,031 [Worker-10: Building] INFO  o.e.m.c.i.embedder.EclipseLogger - skip non existing resourceDirectory D:\EclipseProject\AutomationFrameworkAPI\AutomationFrameworkAPI\src\main\resources
2021-05-20 09:51:48,038 [Worker-10: Building] INFO  o.e.m.c.i.embedder.EclipseLogger - Using 'UTF-8' encoding to copy filtered resources.
2021-05-20 09:51:48,038 [Worker-10: Building] INFO  o.e.m.c.i.embedder.EclipseLogger - skip non existing resourceDirectory D:\EclipseProject\AutomationFrameworkAPI\AutomationFrameworkAPI\src\test\resources
2021-05-21 09:45:45,204 [Worker-3: Loading available Gradle versions] INFO  o.e.b.c.i.u.g.PublishedGradleVersions - Gradle version information cache is up-to-date. Trying to read.
2021-05-21 10:03:04,911 [Worker-18: Building] INFO  o.e.m.c.i.embedder.EclipseLogger - Using 'UTF-8' encoding to copy filtered resources.
2021-05-21 10:03:04,912 [Worker-18: Building] INFO  o.e.m.c.i.embedder.EclipseLogger - skip non existing resourceDirectory D:\EclipseProject\AutomationFrameworkAPI\AutomationFrameworkAPI\src\main\resources
2021-05-21 10:03:04,921 [Worker-18: Building] INFO  o.e.m.c.i.embedder.EclipseLogger - Using 'UTF-8' encoding to copy filtered resources.
2021-05-21 10:03:04,921 [Worker-18: Building] INFO  o.e.m.c.i.embedder.EclipseLogger - skip non existing resourceDirectory D:\EclipseProject\AutomationFrameworkAPI\AutomationFrameworkAPI\src\test\resources
2021-05-21 10:06:27,505 [Worker-19: Building] INFO  o.e.m.c.i.embedder.EclipseLogger - Using 'UTF-8' encoding to copy filtered resources.
2021-05-21 10:06:27,505 [Worker-19: Building] INFO  o.e.m.c.i.embedder.EclipseLogger - skip non existing resourceDirectory D:\EclipseProject\AutomationFrameworkAPI\AutomationFrameworkAPI\src\main\resources
2021-05-21 10:06:27,508 [Worker-19: Building] INFO  o.e.m.c.i.embedder.EclipseLogger - Using 'UTF-8' encoding to copy filtered resources.
2021-05-21 10:06:27,508 [Worker-19: Building] INFO  o.e.m.c.i.embedder.EclipseLogger - skip non existing resourceDirectory D:\EclipseProject\AutomationFrameworkAPI\AutomationFrameworkAPI\src\test\resources
2021-05-21 10:09:36,707 [Worker-18: Building] INFO  o.e.m.c.i.embedder.EclipseLogger - Using 'UTF-8' encoding to copy filtered resources.
2021-05-21 10:09:36,708 [Worker-18: Building] INFO  o.e.m.c.i.embedder.EclipseLogger - skip non existing resourceDirectory D:\EclipseProject\AutomationFrameworkAPI\AutomationFrameworkAPI\src\main\resources
2021-05-21 10:09:36,710 [Worker-18: Building] INFO  o.e.m.c.i.embedder.EclipseLogger - Using 'UTF-8' encoding to copy filtered resources.
2021-05-21 10:09:36,710 [Worker-18: Building] INFO  o.e.m.c.i.embedder.EclipseLogger - skip non existing resourceDirectory D:\EclipseProject\AutomationFrameworkAPI\AutomationFrameworkAPI\src\test\resources
2021-05-21 10:10:58,557 [Worker-17: Building] INFO  o.e.m.c.i.embedder.EclipseLogger - Using 'UTF-8' encoding to copy filtered resources.
2021-05-21 10:10:58,558 [Worker-17: Building] INFO  o.e.m.c.i.embedder.EclipseLogger - skip non existing resourceDirectory D:\EclipseProject\AutomationFrameworkAPI\AutomationFrameworkAPI\src\main\resources
2021-05-21 10:10:58,560 [Worker-17: Building] INFO  o.e.m.c.i.embedder.EclipseLogger - Using 'UTF-8' encoding to copy filtered resources.
2021-05-21 10:10:58,560 [Worker-17: Building] INFO  o.e.m.c.i.embedder.EclipseLogger - skip non existing resourceDirectory D:\EclipseProject\AutomationFrameworkAPI\AutomationFrameworkAPI\src\test\resources
2021-05-21 10:11:52,403 [Worker-19: Building] INFO  o.e.m.c.i.embedder.EclipseLogger - Using 'UTF-8' encoding to copy filtered resources.
2021-05-21 10:11:52,403 [Worker-19: Building] INFO  o.e.m.c.i.embedder.EclipseLogger - skip non existing resourceDirectory D:\EclipseProject\AutomationFrameworkAPI\AutomationFrameworkAPI\src\main\resources
2021-05-21 10:11:52,406 [Worker-19: Building] INFO  o.e.m.c.i.embedder.EclipseLogger - Using 'UTF-8' encoding to copy filtered resources.
2021-05-21 10:11:52,406 [Worker-19: Building] INFO  o.e.m.c.i.embedder.EclipseLogger - skip non existing resourceDirectory D:\EclipseProject\AutomationFrameworkAPI\AutomationFrameworkAPI\src\test\resources
2021-05-21 10:24:36,381 [Worker-24: Building] INFO  o.e.m.c.i.l.LifecycleMappingFactory - Using org.eclipse.m2e.jdt.JarLifecycleMapping lifecycle mapping for MavenProject: PragatiTraining:AutomationFrameworkAPI:0.0.1-SNAPSHOT @ D:\EclipseProject\AutomationFrameworkAPI\AutomationFrameworkAPI\pom.xml.
2021-05-21 10:24:38,891 [Worker-24: Building] INFO  o.e.m.c.i.embedder.EclipseLogger - Using 'UTF-8' encoding to copy filtered resources.
2021-05-21 10:24:38,892 [Worker-24: Building] INFO  o.e.m.c.i.embedder.EclipseLogger - skip non existing resourceDirectory D:\EclipseProject\AutomationFrameworkAPI\AutomationFrameworkAPI\src\main\resources
2021-05-21 10:24:38,896 [Worker-24: Building] INFO  o.e.m.c.i.embedder.EclipseLogger - Using 'UTF-8' encoding to copy filtered resources.
2021-05-21 10:24:38,896 [Worker-24: Building] INFO  o.e.m.c.i.embedder.EclipseLogger - skip non existing resourceDirectory D:\EclipseProject\AutomationFrameworkAPI\AutomationFrameworkAPI\src\test\resources
2021-05-21 10:24:41,543 [Worker-22: Building] INFO  o.e.m.c.i.embedder.EclipseLogger - Using 'UTF-8' encoding to copy filtered resources.
2021-05-21 10:24:41,543 [Worker-22: Building] INFO  o.e.m.c.i.embedder.EclipseLogger - skip non existing resourceDirectory D:\EclipseProject\AutomationFrameworkAPI\AutomationFrameworkAPI\src\main\resources
2021-05-21 10:24:41,545 [Worker-22: Building] INFO  o.e.m.c.i.embedder.EclipseLogger - Using 'UTF-8' encoding to copy filtered resources.
2021-05-21 10:24:41,545 [Worker-22: Building] INFO  o.e.m.c.i.embedder.EclipseLogger - skip non existing resourceDirectory D:\EclipseProject\AutomationFrameworkAPI\AutomationFrameworkAPI\src\test\resources
2021-05-21 10:26:16,342 [Worker-26: Building] INFO  o.e.m.c.i.embedder.EclipseLogger - Using 'UTF-8' encoding to copy filtered resources.
2021-05-21 10:26:16,342 [Worker-26: Building] INFO  o.e.m.c.i.embedder.EclipseLogger - skip non existing resourceDirectory D:\EclipseProject\AutomationFrameworkAPI\AutomationFrameworkAPI\src\main\resources
2021-05-21 10:26:16,345 [Worker-26: Building] INFO  o.e.m.c.i.embedder.EclipseLogger - Using 'UTF-8' encoding to copy filtered resources.
2021-05-21 10:26:16,345 [Worker-26: Building] INFO  o.e.m.c.i.embedder.EclipseLogger - skip non existing resourceDirectory D:\EclipseProject\AutomationFrameworkAPI\AutomationFrameworkAPI\src\test\resources
2021-05-21 10:31:51,793 [Worker-25: Building] INFO  o.e.m.c.i.embedder.EclipseLogger - Using 'UTF-8' encoding to copy filtered resources.
2021-05-21 10:31:51,793 [Worker-25: Building] INFO  o.e.m.c.i.embedder.EclipseLogger - skip non existing resourceDirectory D:\EclipseProject\AutomationFrameworkAPI\AutomationFrameworkAPI\src\main\resources
2021-05-21 10:31:51,795 [Worker-25: Building] INFO  o.e.m.c.i.embedder.EclipseLogger - Using 'UTF-8' encoding to copy filtered resources.
2021-05-21 10:31:51,795 [Worker-25: Building] INFO  o.e.m.c.i.embedder.EclipseLogger - skip non existing resourceDirectory D:\EclipseProject\AutomationFrameworkAPI\AutomationFrameworkAPI\src\test\resources
2021-05-21 11:13:40,273 [Worker-37: Building] INFO  o.e.m.c.i.embedder.EclipseLogger - Using 'UTF-8' encoding to copy filtered resources.
2021-05-21 11:13:40,274 [Worker-37: Building] INFO  o.e.m.c.i.embedder.EclipseLogger - skip non existing resourceDirectory D:\EclipseProject\AutomationFrameworkAPI\AutomationFrameworkAPI\src\main\resources
2021-05-21 11:13:40,283 [Worker-37: Building] INFO  o.e.m.c.i.embedder.EclipseLogger - Using 'UTF-8' encoding to copy filtered resources.
2021-05-21 11:13:40,283 [Worker-37: Building] INFO  o.e.m.c.i.embedder.EclipseLogger - skip non existing resourceDirectory D:\EclipseProject\AutomationFrameworkAPI\AutomationFrameworkAPI\src\test\resources
2021-05-21 11:13:58,899 [Worker-38: Building Workspace] INFO  o.e.m.c.i.embedder.EclipseLogger - Using 'UTF-8' encoding to copy filtered resources.
2021-05-21 11:13:58,900 [Worker-38: Building Workspace] INFO  o.e.m.c.i.embedder.EclipseLogger - skip non existing resourceDirectory D:\EclipseProject\AutomationFrameworkAPI\AutomationFrameworkAPI\src\main\resources
2021-05-21 11:13:58,905 [Worker-38: Building Workspace] INFO  o.e.m.c.i.embedder.EclipseLogger - Using 'UTF-8' encoding to copy filtered resources.
2021-05-21 11:13:58,907 [Worker-38: Building Workspace] INFO  o.e.m.c.i.embedder.EclipseLogger - skip non existing resourceDirectory D:\EclipseProject\AutomationFrameworkAPI\AutomationFrameworkAPI\src\test\resources
2021-05-21 11:14:28,245 [Worker-34: Building] INFO  o.e.m.c.i.embedder.EclipseLogger - Using 'UTF-8' encoding to copy filtered resources.
2021-05-21 11:14:28,245 [Worker-34: Building] INFO  o.e.m.c.i.embedder.EclipseLogger - skip non existing resourceDirectory D:\EclipseProject\AutomationFrameworkAPI\AutomationFrameworkAPI\src\main\resources
2021-05-21 11:14:28,249 [Worker-34: Building] INFO  o.e.m.c.i.embedder.EclipseLogger - Using 'UTF-8' encoding to copy filtered resources.
2021-05-21 11:14:28,249 [Worker-34: Building] INFO  o.e.m.c.i.embedder.EclipseLogger - skip non existing resourceDirectory D:\EclipseProject\AutomationFrameworkAPI\AutomationFrameworkAPI\src\test\resources
2021-05-21 11:14:47,075 [Worker-38: Building] INFO  o.e.m.c.i.embedder.EclipseLogger - Using 'UTF-8' encoding to copy filtered resources.
2021-05-21 11:14:47,075 [Worker-38: Building] INFO  o.e.m.c.i.embedder.EclipseLogger - skip non existing resourceDirectory D:\EclipseProject\AutomationFrameworkAPI\AutomationFrameworkAPI\src\main\resources
2021-05-21 11:14:47,079 [Worker-38: Building] INFO  o.e.m.c.i.embedder.EclipseLogger - Using 'UTF-8' encoding to copy filtered resources.
2021-05-21 11:14:47,079 [Worker-38: Building] INFO  o.e.m.c.i.embedder.EclipseLogger - skip non existing resourceDirectory D:\EclipseProject\AutomationFrameworkAPI\AutomationFrameworkAPI\src\test\resources
2021-05-21 11:16:01,083 [Worker-39: Building] INFO  o.e.m.c.i.embedder.EclipseLogger - Using 'UTF-8' encoding to copy filtered resources.
2021-05-21 11:16:01,083 [Worker-39: Building] INFO  o.e.m.c.i.embedder.EclipseLogger - skip non existing resourceDirectory D:\EclipseProject\AutomationFrameworkAPI\AutomationFrameworkAPI\src\main\resources
2021-05-21 11:16:01,085 [Worker-39: Building] INFO  o.e.m.c.i.embedder.EclipseLogger - Using 'UTF-8' encoding to copy filtered resources.
2021-05-21 11:16:01,086 [Worker-39: Building] INFO  o.e.m.c.i.embedder.EclipseLogger - skip non existing resourceDirectory D:\EclipseProject\AutomationFrameworkAPI\AutomationFrameworkAPI\src\test\resources
2021-05-21 11:16:38,560 [Worker-37: Building] INFO  o.e.m.c.i.embedder.EclipseLogger - Using 'UTF-8' encoding to copy filtered resources.
2021-05-21 11:16:38,561 [Worker-37: Building] INFO  o.e.m.c.i.embedder.EclipseLogger - skip non existing resourceDirectory D:\EclipseProject\AutomationFrameworkAPI\AutomationFrameworkAPI\src\main\resources
2021-05-21 11:16:38,564 [Worker-37: Building] INFO  o.e.m.c.i.embedder.EclipseLogger - Using 'UTF-8' encoding to copy filtered resources.
2021-05-21 11:16:38,565 [Worker-37: Building] INFO  o.e.m.c.i.embedder.EclipseLogger - skip non existing resourceDirectory D:\EclipseProject\AutomationFrameworkAPI\AutomationFrameworkAPI\src\test\resources
2021-05-21 11:16:52,977 [Worker-37: Building] INFO  o.e.m.c.i.embedder.EclipseLogger - Using 'UTF-8' encoding to copy filtered resources.
2021-05-21 11:16:52,978 [Worker-37: Building] INFO  o.e.m.c.i.embedder.EclipseLogger - skip non existing resourceDirectory D:\EclipseProject\AutomationFrameworkAPI\AutomationFrameworkAPI\src\main\resources
2021-05-21 11:16:52,980 [Worker-37: Building] INFO  o.e.m.c.i.embedder.EclipseLogger - Using 'UTF-8' encoding to copy filtered resources.
2021-05-21 11:16:52,980 [Worker-37: Building] INFO  o.e.m.c.i.embedder.EclipseLogger - skip non existing resourceDirectory D:\EclipseProject\AutomationFrameworkAPI\AutomationFrameworkAPI\src\test\resources
2021-05-21 11:17:09,993 [Worker-34: Building] INFO  o.e.m.c.i.embedder.EclipseLogger - Using 'UTF-8' encoding to copy filtered resources.
2021-05-21 11:17:09,993 [Worker-34: Building] INFO  o.e.m.c.i.embedder.EclipseLogger - skip non existing resourceDirectory D:\EclipseProject\AutomationFrameworkAPI\AutomationFrameworkAPI\src\main\resources
2021-05-21 11:17:09,995 [Worker-34: Building] INFO  o.e.m.c.i.embedder.EclipseLogger - Using 'UTF-8' encoding to copy filtered resources.
2021-05-21 11:17:09,995 [Worker-34: Building] INFO  o.e.m.c.i.embedder.EclipseLogger - skip non existing resourceDirectory D:\EclipseProject\AutomationFrameworkAPI\AutomationFrameworkAPI\src\test\resources
2021-05-21 11:20:08,815 [Worker-34: Building] INFO  o.e.m.c.i.embedder.EclipseLogger - Using 'UTF-8' encoding to copy filtered resources.
2021-05-21 11:20:08,815 [Worker-34: Building] INFO  o.e.m.c.i.embedder.EclipseLogger - skip non existing resourceDirectory D:\EclipseProject\AutomationFrameworkAPI\AutomationFrameworkAPI\src\main\resources
2021-05-21 11:20:08,818 [Worker-34: Building] INFO  o.e.m.c.i.embedder.EclipseLogger - Using 'UTF-8' encoding to copy filtered resources.
2021-05-21 11:20:08,818 [Worker-34: Building] INFO  o.e.m.c.i.embedder.EclipseLogger - skip non existing resourceDirectory D:\EclipseProject\AutomationFrameworkAPI\AutomationFrameworkAPI\src\test\resources
2021-05-21 11:40:46,809 [Worker-49: Building] INFO  o.e.m.c.i.embedder.EclipseLogger - Using 'UTF-8' encoding to copy filtered resources.
2021-05-21 11:40:46,810 [Worker-49: Building] INFO  o.e.m.c.i.embedder.EclipseLogger - skip non existing resourceDirectory D:\EclipseProject\AutomationFrameworkAPI\AutomationFrameworkAPI\src\main\resources
2021-05-21 11:40:46,812 [Worker-49: Building] INFO  o.e.m.c.i.embedder.EclipseLogger - Using 'UTF-8' encoding to copy filtered resources.
2021-05-21 11:40:46,813 [Worker-49: Building] INFO  o.e.m.c.i.embedder.EclipseLogger - skip non existing resourceDirectory D:\EclipseProject\AutomationFrameworkAPI\AutomationFrameworkAPI\src\test\resources
2021-05-21 11:43:50,586 [Worker-45: Building] INFO  o.e.m.c.i.embedder.EclipseLogger - Using 'UTF-8' encoding to copy filtered resources.
2021-05-21 11:43:50,586 [Worker-45: Building] INFO  o.e.m.c.i.embedder.EclipseLogger - skip non existing resourceDirectory D:\EclipseProject\AutomationFrameworkAPI\AutomationFrameworkAPI\src\main\resources
2021-05-21 11:43:50,588 [Worker-45: Building] INFO  o.e.m.c.i.embedder.EclipseLogger - Using 'UTF-8' encoding to copy filtered resources.
2021-05-21 11:43:50,589 [Worker-45: Building] INFO  o.e.m.c.i.embedder.EclipseLogger - skip non existing resourceDirectory D:\EclipseProject\AutomationFrameworkAPI\AutomationFrameworkAPI\src\test\resources
2021-05-21 12:10:34,135 [Worker-56: Building] INFO  o.e.m.c.i.embedder.EclipseLogger - Using 'UTF-8' encoding to copy filtered resources.
2021-05-21 12:10:34,135 [Worker-56: Building] INFO  o.e.m.c.i.embedder.EclipseLogger - skip non existing resourceDirectory D:\EclipseProject\AutomationFrameworkAPI\AutomationFrameworkAPI\src\main\resources
2021-05-21 12:10:34,137 [Worker-56: Building] INFO  o.e.m.c.i.embedder.EclipseLogger - Using 'UTF-8' encoding to copy filtered resources.
2021-05-21 12:10:34,137 [Worker-56: Building] INFO  o.e.m.c.i.embedder.EclipseLogger - skip non existing resourceDirectory D:\EclipseProject\AutomationFrameworkAPI\AutomationFrameworkAPI\src\test\resources
2021-05-21 12:12:53,798 [Worker-55: Building] INFO  o.e.m.c.i.embedder.EclipseLogger - Using 'UTF-8' encoding to copy filtered resources.
2021-05-21 12:12:53,799 [Worker-55: Building] INFO  o.e.m.c.i.embedder.EclipseLogger - skip non existing resourceDirectory D:\EclipseProject\AutomationFrameworkAPI\AutomationFrameworkAPI\src\main\resources
2021-05-21 12:12:53,800 [Worker-55: Building] INFO  o.e.m.c.i.embedder.EclipseLogger - Using 'UTF-8' encoding to copy filtered resources.
2021-05-21 12:12:53,801 [Worker-55: Building] INFO  o.e.m.c.i.embedder.EclipseLogger - skip non existing resourceDirectory D:\EclipseProject\AutomationFrameworkAPI\AutomationFrameworkAPI\src\test\resources
2021-05-21 12:14:18,255 [Worker-53: Building] INFO  o.e.m.c.i.embedder.EclipseLogger - Using 'UTF-8' encoding to copy filtered resources.
2021-05-21 12:14:18,255 [Worker-53: Building] INFO  o.e.m.c.i.embedder.EclipseLogger - skip non existing resourceDirectory D:\EclipseProject\AutomationFrameworkAPI\AutomationFrameworkAPI\src\main\resources
2021-05-21 12:14:18,257 [Worker-53: Building] INFO  o.e.m.c.i.embedder.EclipseLogger - Using 'UTF-8' encoding to copy filtered resources.
2021-05-21 12:14:18,257 [Worker-53: Building] INFO  o.e.m.c.i.embedder.EclipseLogger - skip non existing resourceDirectory D:\EclipseProject\AutomationFrameworkAPI\AutomationFrameworkAPI\src\test\resources
2021-05-21 12:18:53,384 [Worker-61: Building] INFO  o.e.m.c.i.embedder.EclipseLogger - Using 'UTF-8' encoding to copy filtered resources.
2021-05-21 12:18:53,385 [Worker-61: Building] INFO  o.e.m.c.i.embedder.EclipseLogger - skip non existing resourceDirectory D:\EclipseProject\AutomationFrameworkAPI\AutomationFrameworkAPI\src\main\resources
2021-05-21 12:18:53,387 [Worker-61: Building] INFO  o.e.m.c.i.embedder.EclipseLogger - Using 'UTF-8' encoding to copy filtered resources.
2021-05-21 12:18:53,387 [Worker-61: Building] INFO  o.e.m.c.i.embedder.EclipseLogger - skip non existing resourceDirectory D:\EclipseProject\AutomationFrameworkAPI\AutomationFrameworkAPI\src\test\resources
2021-05-21 12:20:19,766 [Worker-62: Building] INFO  o.e.m.c.i.embedder.EclipseLogger - Using 'UTF-8' encoding to copy filtered resources.
2021-05-21 12:20:19,767 [Worker-62: Building] INFO  o.e.m.c.i.embedder.EclipseLogger - skip non existing resourceDirectory D:\EclipseProject\AutomationFrameworkAPI\AutomationFrameworkAPI\src\main\resources
2021-05-21 12:20:19,769 [Worker-62: Building] INFO  o.e.m.c.i.embedder.EclipseLogger - Using 'UTF-8' encoding to copy filtered resources.
2021-05-21 12:20:19,769 [Worker-62: Building] INFO  o.e.m.c.i.embedder.EclipseLogger - skip non existing resourceDirectory D:\EclipseProject\AutomationFrameworkAPI\AutomationFrameworkAPI\src\test\resources
2021-05-21 12:22:25,705 [Worker-62: Building] INFO  o.e.m.c.i.embedder.EclipseLogger - Using 'UTF-8' encoding to copy filtered resources.
2021-05-21 12:22:25,706 [Worker-62: Building] INFO  o.e.m.c.i.embedder.EclipseLogger - skip non existing resourceDirectory D:\EclipseProject\AutomationFrameworkAPI\AutomationFrameworkAPI\src\main\resources
2021-05-21 12:22:25,708 [Worker-62: Building] INFO  o.e.m.c.i.embedder.EclipseLogger - Using 'UTF-8' encoding to copy filtered resources.
2021-05-21 12:22:25,709 [Worker-62: Building] INFO  o.e.m.c.i.embedder.EclipseLogger - skip non existing resourceDirectory D:\EclipseProject\AutomationFrameworkAPI\AutomationFrameworkAPI\src\test\resources
2021-05-21 12:26:30,417 [Worker-53: Building] INFO  o.e.m.c.i.embedder.EclipseLogger - Using 'UTF-8' encoding to copy filtered resources.
2021-05-21 12:26:30,418 [Worker-53: Building] INFO  o.e.m.c.i.embedder.EclipseLogger - skip non existing resourceDirectory D:\EclipseProject\AutomationFrameworkAPI\AutomationFrameworkAPI\src\main\resources
2021-05-21 12:26:30,420 [Worker-53: Building] INFO  o.e.m.c.i.embedder.EclipseLogger - Using 'UTF-8' encoding to copy filtered resources.
2021-05-21 12:26:30,420 [Worker-53: Building] INFO  o.e.m.c.i.embedder.EclipseLogger - skip non existing resourceDirectory D:\EclipseProject\AutomationFrameworkAPI\AutomationFrameworkAPI\src\test\resources
2021-05-21 12:33:13,718 [Worker-65: Building] INFO  o.e.m.c.i.l.LifecycleMappingFactory - Using org.eclipse.m2e.jdt.JarLifecycleMapping lifecycle mapping for MavenProject: PragatiTraining:AutomationFrameworkAPI:1.0 @ D:\EclipseProject\AutomationFrameworkAPI\AutomationFrameworkAPI\pom.xml.
2021-05-21 12:33:14,357 [Worker-65: Building] INFO  o.e.m.c.i.embedder.EclipseLogger - Using 'UTF-8' encoding to copy filtered resources.
2021-05-21 12:33:14,358 [Worker-65: Building] INFO  o.e.m.c.i.embedder.EclipseLogger - skip non existing resourceDirectory D:\EclipseProject\AutomationFrameworkAPI\AutomationFrameworkAPI\src\main\resources
2021-05-21 12:33:14,361 [Worker-65: Building] INFO  o.e.m.c.i.embedder.EclipseLogger - Using 'UTF-8' encoding to copy filtered resources.
2021-05-21 12:33:14,362 [Worker-65: Building] INFO  o.e.m.c.i.embedder.EclipseLogger - skip non existing resourceDirectory D:\EclipseProject\AutomationFrameworkAPI\AutomationFrameworkAPI\src\test\resources
2021-05-21 12:37:42,799 [main] INFO  o.e.m2e.actions.ExecutePomAction - Creating new launch configuration
2021-05-21 12:39:06,871 [Worker-68: Launching AutomationFrameworkAPI] INFO  o.e.m.i.launch.MavenLaunchDelegate - D:\EclipseProject\AutomationFrameworkAPI\AutomationFrameworkAPI
2021-05-21 12:39:06,891 [Worker-68: Launching AutomationFrameworkAPI] INFO  o.e.m.i.launch.MavenLaunchDelegate -  mvn -B compile
2021-05-21 12:44:05,359 [main] INFO  o.e.m2e.actions.ExecutePomAction - Creating new launch configuration
2021-05-21 12:44:27,051 [Worker-68: Launching AutomationFrameworkAPI (1)] INFO  o.e.m.i.launch.MavenLaunchDelegate - D:\EclipseProject\AutomationFrameworkAPI\AutomationFrameworkAPI
2021-05-21 12:44:27,051 [Worker-68: Launching AutomationFrameworkAPI (1)] INFO  o.e.m.i.launch.MavenLaunchDelegate -  mvn -B package
2021-05-21 12:48:05,908 [Worker-72: Launching Executing install in D__EclipseProject_AutomationFrameworkAPI_AutomationFrameworkAPI] INFO  o.e.m.i.launch.MavenLaunchDelegate - D:\EclipseProject\AutomationFrameworkAPI\AutomationFrameworkAPI
2021-05-21 12:48:05,909 [Worker-72: Launching Executing install in D__EclipseProject_AutomationFrameworkAPI_AutomationFrameworkAPI] INFO  o.e.m.i.launch.MavenLaunchDelegate -  mvn -B install
2021-05-21 12:48:16,156 [Worker-76: Building] INFO  o.e.m.c.i.embedder.EclipseLogger - Using 'UTF-8' encoding to copy filtered resources.
2021-05-21 12:48:16,156 [Worker-76: Building] INFO  o.e.m.c.i.embedder.EclipseLogger - skip non existing resourceDirectory D:\EclipseProject\AutomationFrameworkAPI\AutomationFrameworkAPI\src\main\resources
2021-05-21 12:48:16,159 [Worker-76: Building] INFO  o.e.m.c.i.embedder.EclipseLogger - Using 'UTF-8' encoding to copy filtered resources.
2021-05-21 12:48:16,159 [Worker-76: Building] INFO  o.e.m.c.i.embedder.EclipseLogger - skip non existing resourceDirectory D:\EclipseProject\AutomationFrameworkAPI\AutomationFrameworkAPI\src\test\resources
2021-05-21 13:43:24,412 [main] INFO  o.e.m2e.actions.ExecutePomAction - Creating new launch configuration
2021-05-21 13:43:39,193 [Worker-81: Launching AutomationFrameworkAPI (2)] INFO  o.e.m.i.launch.MavenLaunchDelegate - D:\EclipseProject\AutomationFrameworkAPI\AutomationFrameworkAPI
2021-05-21 13:43:39,193 [Worker-81: Launching AutomationFrameworkAPI (2)] INFO  o.e.m.i.launch.MavenLaunchDelegate -  mvn -B install
2021-05-21 13:56:45,950 [Worker-86: Building] INFO  o.e.m.c.i.embedder.EclipseLogger - Using 'UTF-8' encoding to copy filtered resources.
2021-05-21 13:56:45,951 [Worker-86: Building] INFO  o.e.m.c.i.embedder.EclipseLogger - skip non existing resourceDirectory D:\EclipseProject\AutomationFrameworkAPI\AutomationFrameworkAPI\src\main\resources
2021-05-21 13:56:45,953 [Worker-86: Building] INFO  o.e.m.c.i.embedder.EclipseLogger - Using 'UTF-8' encoding to copy filtered resources.
2021-05-21 13:56:45,953 [Worker-86: Building] INFO  o.e.m.c.i.embedder.EclipseLogger - skip non existing resourceDirectory D:\EclipseProject\AutomationFrameworkAPI\AutomationFrameworkAPI\src\test\resources
2021-05-21 14:16:11,447 [Worker-93: Building] INFO  o.e.m.c.i.embedder.EclipseLogger - Using 'UTF-8' encoding to copy filtered resources.
2021-05-21 14:16:11,501 [Worker-93: Building] INFO  o.e.m.c.i.embedder.EclipseLogger - skip non existing resourceDirectory D:\EclipseProject\AutomationFrameworkAPI\AutomationFrameworkAPI\src\main\resources
2021-05-21 14:16:11,503 [Worker-93: Building] INFO  o.e.m.c.i.embedder.EclipseLogger - Using 'UTF-8' encoding to copy filtered resources.
2021-05-21 14:16:11,504 [Worker-93: Building] INFO  o.e.m.c.i.embedder.EclipseLogger - skip non existing resourceDirectory D:\EclipseProject\AutomationFrameworkAPI\AutomationFrameworkAPI\src\test\resources
2021-05-21 14:17:54,877 [Worker-92: Building] INFO  o.e.m.c.i.embedder.EclipseLogger - Using 'UTF-8' encoding to copy filtered resources.
2021-05-21 14:17:54,877 [Worker-92: Building] INFO  o.e.m.c.i.embedder.EclipseLogger - skip non existing resourceDirectory D:\EclipseProject\AutomationFrameworkAPI\AutomationFrameworkAPI\src\main\resources
2021-05-21 14:17:54,880 [Worker-92: Building] INFO  o.e.m.c.i.embedder.EclipseLogger - Using 'UTF-8' encoding to copy filtered resources.
2021-05-21 14:17:54,880 [Worker-92: Building] INFO  o.e.m.c.i.embedder.EclipseLogger - skip non existing resourceDirectory D:\EclipseProject\AutomationFrameworkAPI\AutomationFrameworkAPI\src\test\resources
2021-05-21 14:23:28,282 [Worker-91: Building] INFO  o.e.m.c.i.embedder.EclipseLogger - Using 'UTF-8' encoding to copy filtered resources.
2021-05-21 14:23:28,282 [Worker-91: Building] INFO  o.e.m.c.i.embedder.EclipseLogger - skip non existing resourceDirectory D:\EclipseProject\AutomationFrameworkAPI\AutomationFrameworkAPI\src\main\resources
2021-05-21 14:23:28,284 [Worker-91: Building] INFO  o.e.m.c.i.embedder.EclipseLogger - Using 'UTF-8' encoding to copy filtered resources.
2021-05-21 14:23:28,284 [Worker-91: Building] INFO  o.e.m.c.i.embedder.EclipseLogger - skip non existing resourceDirectory D:\EclipseProject\AutomationFrameworkAPI\AutomationFrameworkAPI\src\test\resources
2021-05-21 14:23:43,293 [Worker-93: Building] INFO  o.e.m.c.i.embedder.EclipseLogger - Using 'UTF-8' encoding to copy filtered resources.
2021-05-21 14:23:43,293 [Worker-93: Building] INFO  o.e.m.c.i.embedder.EclipseLogger - skip non existing resourceDirectory D:\EclipseProject\AutomationFrameworkAPI\AutomationFrameworkAPI\src\main\resources
2021-05-21 14:23:43,294 [Worker-93: Building] INFO  o.e.m.c.i.embedder.EclipseLogger - Using 'UTF-8' encoding to copy filtered resources.
2021-05-21 14:23:43,294 [Worker-93: Building] INFO  o.e.m.c.i.embedder.EclipseLogger - skip non existing resourceDirectory D:\EclipseProject\AutomationFrameworkAPI\AutomationFrameworkAPI\src\test\resources
2021-05-21 14:23:50,847 [Worker-92: Building] INFO  o.e.m.c.i.embedder.EclipseLogger - Using 'UTF-8' encoding to copy filtered resources.
2021-05-21 14:23:50,847 [Worker-92: Building] INFO  o.e.m.c.i.embedder.EclipseLogger - skip non existing resourceDirectory D:\EclipseProject\AutomationFrameworkAPI\AutomationFrameworkAPI\src\main\resources
2021-05-21 14:23:50,850 [Worker-92: Building] INFO  o.e.m.c.i.embedder.EclipseLogger - Using 'UTF-8' encoding to copy filtered resources.
2021-05-21 14:23:50,850 [Worker-92: Building] INFO  o.e.m.c.i.embedder.EclipseLogger - skip non existing resourceDirectory D:\EclipseProject\AutomationFrameworkAPI\AutomationFrameworkAPI\src\test\resources
2021-05-21 14:27:57,175 [Worker-95: Building] INFO  o.e.m.c.i.embedder.EclipseLogger - Using 'UTF-8' encoding to copy filtered resources.
2021-05-21 14:27:57,175 [Worker-95: Building] INFO  o.e.m.c.i.embedder.EclipseLogger - skip non existing resourceDirectory D:\EclipseProject\AutomationFrameworkAPI\AutomationFrameworkAPI\src\main\resources
2021-05-21 14:27:57,176 [Worker-95: Building] INFO  o.e.m.c.i.embedder.EclipseLogger - Using 'UTF-8' encoding to copy filtered resources.
2021-05-21 14:27:57,177 [Worker-95: Building] INFO  o.e.m.c.i.embedder.EclipseLogger - skip non existing resourceDirectory D:\EclipseProject\AutomationFrameworkAPI\AutomationFrameworkAPI\src\test\resources
2021-05-21 14:29:26,300 [Worker-91: Building] INFO  o.e.m.c.i.embedder.EclipseLogger - Using 'UTF-8' encoding to copy filtered resources.
2021-05-21 14:29:26,300 [Worker-91: Building] INFO  o.e.m.c.i.embedder.EclipseLogger - skip non existing resourceDirectory D:\EclipseProject\AutomationFrameworkAPI\AutomationFrameworkAPI\src\main\resources
2021-05-21 14:29:26,303 [Worker-91: Building] INFO  o.e.m.c.i.embedder.EclipseLogger - Using 'UTF-8' encoding to copy filtered resources.
2021-05-21 14:29:26,303 [Worker-91: Building] INFO  o.e.m.c.i.embedder.EclipseLogger - skip non existing resourceDirectory D:\EclipseProject\AutomationFrameworkAPI\AutomationFrameworkAPI\src\test\resources
2021-05-21 14:30:40,570 [Worker-95: Building] INFO  o.e.m.c.i.embedder.EclipseLogger - Using 'UTF-8' encoding to copy filtered resources.
2021-05-21 14:30:40,570 [Worker-95: Building] INFO  o.e.m.c.i.embedder.EclipseLogger - skip non existing resourceDirectory D:\EclipseProject\AutomationFrameworkAPI\AutomationFrameworkAPI\src\main\resources
2021-05-21 14:30:40,571 [Worker-95: Building] INFO  o.e.m.c.i.embedder.EclipseLogger - Using 'UTF-8' encoding to copy filtered resources.
2021-05-21 14:30:40,572 [Worker-95: Building] INFO  o.e.m.c.i.embedder.EclipseLogger - skip non existing resourceDirectory D:\EclipseProject\AutomationFrameworkAPI\AutomationFrameworkAPI\src\test\resources
2021-05-21 14:31:42,375 [Worker-92: Building] INFO  o.e.m.c.i.embedder.EclipseLogger - Using 'UTF-8' encoding to copy filtered resources.
2021-05-21 14:31:42,375 [Worker-92: Building] INFO  o.e.m.c.i.embedder.EclipseLogger - skip non existing resourceDirectory D:\EclipseProject\AutomationFrameworkAPI\AutomationFrameworkAPI\src\main\resources
2021-05-21 14:31:42,377 [Worker-92: Building] INFO  o.e.m.c.i.embedder.EclipseLogger - Using 'UTF-8' encoding to copy filtered resources.
2021-05-21 14:31:42,377 [Worker-92: Building] INFO  o.e.m.c.i.embedder.EclipseLogger - skip non existing resourceDirectory D:\EclipseProject\AutomationFrameworkAPI\AutomationFrameworkAPI\src\test\resources
2021-05-21 14:41:26,969 [Worker-102: Building] INFO  o.e.m.c.i.embedder.EclipseLogger - Using 'UTF-8' encoding to copy filtered resources.
2021-05-21 14:41:26,969 [Worker-102: Building] INFO  o.e.m.c.i.embedder.EclipseLogger - skip non existing resourceDirectory D:\EclipseProject\AutomationFrameworkAPI\AutomationFrameworkAPI\src\main\resources
2021-05-21 14:41:26,971 [Worker-102: Building] INFO  o.e.m.c.i.embedder.EclipseLogger - Using 'UTF-8' encoding to copy filtered resources.
2021-05-21 14:41:26,971 [Worker-102: Building] INFO  o.e.m.c.i.embedder.EclipseLogger - skip non existing resourceDirectory D:\EclipseProject\AutomationFrameworkAPI\AutomationFrameworkAPI\src\test\resources
2021-05-21 14:53:32,054 [Worker-107: Building] INFO  o.e.m.c.i.embedder.EclipseLogger - Using 'UTF-8' encoding to copy filtered resources.
2021-05-21 14:53:32,055 [Worker-107: Building] INFO  o.e.m.c.i.embedder.EclipseLogger - skip non existing resourceDirectory D:\EclipseProject\AutomationFrameworkAPI\AutomationFrameworkAPI\src\main\resources
2021-05-21 14:53:32,056 [Worker-107: Building] INFO  o.e.m.c.i.embedder.EclipseLogger - Using 'UTF-8' encoding to copy filtered resources.
2021-05-21 14:53:32,057 [Worker-107: Building] INFO  o.e.m.c.i.embedder.EclipseLogger - skip non existing resourceDirectory D:\EclipseProject\AutomationFrameworkAPI\AutomationFrameworkAPI\src\test\resources
2021-05-22 09:28:50,319 [Worker-2: Loading available Gradle versions] INFO  o.e.b.c.i.u.g.PublishedGradleVersions - Gradle version information cache is up-to-date. Trying to read.
2021-05-22 09:34:48,486 [Worker-1: Building] INFO  o.e.m.c.i.embedder.EclipseLogger - Using 'UTF-8' encoding to copy filtered resources.
2021-05-22 09:34:48,487 [Worker-1: Building] INFO  o.e.m.c.i.embedder.EclipseLogger - skip non existing resourceDirectory D:\EclipseProject\AutomationFrameworkAPI\AutomationFrameworkAPI\src\main\resources
2021-05-22 09:34:48,491 [Worker-1: Building] INFO  o.e.m.c.i.embedder.EclipseLogger - Using 'UTF-8' encoding to copy filtered resources.
2021-05-22 09:34:48,492 [Worker-1: Building] INFO  o.e.m.c.i.embedder.EclipseLogger - skip non existing resourceDirectory D:\EclipseProject\AutomationFrameworkAPI\AutomationFrameworkAPI\src\test\resources
2021-05-22 09:45:38,270 [Worker-17: Building] INFO  o.e.m.c.i.embedder.EclipseLogger - Using 'UTF-8' encoding to copy filtered resources.
2021-05-22 09:45:38,270 [Worker-17: Building] INFO  o.e.m.c.i.embedder.EclipseLogger - skip non existing resourceDirectory D:\EclipseProject\AutomationFrameworkAPI\AutomationFrameworkAPI\src\main\resources
2021-05-22 09:45:38,272 [Worker-17: Building] INFO  o.e.m.c.i.embedder.EclipseLogger - Using 'UTF-8' encoding to copy filtered resources.
2021-05-22 09:45:38,273 [Worker-17: Building] INFO  o.e.m.c.i.embedder.EclipseLogger - skip non existing resourceDirectory D:\EclipseProject\AutomationFrameworkAPI\AutomationFrameworkAPI\src\test\resources
2021-05-22 09:45:44,756 [Worker-13: Building] INFO  o.e.m.c.i.embedder.EclipseLogger - Using 'UTF-8' encoding to copy filtered resources.
2021-05-22 09:45:44,757 [Worker-13: Building] INFO  o.e.m.c.i.embedder.EclipseLogger - skip non existing resourceDirectory D:\EclipseProject\AutomationFrameworkAPI\AutomationFrameworkAPI\src\main\resources
2021-05-22 09:45:44,760 [Worker-13: Building] INFO  o.e.m.c.i.embedder.EclipseLogger - Using 'UTF-8' encoding to copy filtered resources.
2021-05-22 09:45:44,761 [Worker-13: Building] INFO  o.e.m.c.i.embedder.EclipseLogger - skip non existing resourceDirectory D:\EclipseProject\AutomationFrameworkAPI\AutomationFrameworkAPI\src\test\resources
2021-05-22 09:46:49,749 [Worker-18: Building] INFO  o.e.m.c.i.embedder.EclipseLogger - Using 'UTF-8' encoding to copy filtered resources.
2021-05-22 09:46:49,750 [Worker-18: Building] INFO  o.e.m.c.i.embedder.EclipseLogger - skip non existing resourceDirectory D:\EclipseProject\AutomationFrameworkAPI\AutomationFrameworkAPI\src\main\resources
2021-05-22 09:46:49,752 [Worker-18: Building] INFO  o.e.m.c.i.embedder.EclipseLogger - Using 'UTF-8' encoding to copy filtered resources.
2021-05-22 09:46:49,752 [Worker-18: Building] INFO  o.e.m.c.i.embedder.EclipseLogger - skip non existing resourceDirectory D:\EclipseProject\AutomationFrameworkAPI\AutomationFrameworkAPI\src\test\resources
2021-05-22 09:47:19,231 [Worker-18: Building] INFO  o.e.m.c.i.embedder.EclipseLogger - Using 'UTF-8' encoding to copy filtered resources.
2021-05-22 09:47:19,232 [Worker-18: Building] INFO  o.e.m.c.i.embedder.EclipseLogger - skip non existing resourceDirectory D:\EclipseProject\AutomationFrameworkAPI\AutomationFrameworkAPI\src\main\resources
2021-05-22 09:47:19,235 [Worker-18: Building] INFO  o.e.m.c.i.embedder.EclipseLogger - Using 'UTF-8' encoding to copy filtered resources.
2021-05-22 09:47:19,236 [Worker-18: Building] INFO  o.e.m.c.i.embedder.EclipseLogger - skip non existing resourceDirectory D:\EclipseProject\AutomationFrameworkAPI\AutomationFrameworkAPI\src\test\resources
2021-05-22 11:24:58,342 [Worker-42: Building] INFO  o.e.m.c.i.l.LifecycleMappingFactory - Using org.eclipse.m2e.jdt.JarLifecycleMapping lifecycle mapping for MavenProject: PragatiTraining:AutomationFrameworkAPI:2.0 @ D:\EclipseProject\AutomationFrameworkAPI\AutomationFrameworkAPI\pom.xml.
2021-05-22 11:25:03,600 [Worker-42: Building] INFO  o.e.m.c.i.embedder.EclipseLogger - Using 'UTF-8' encoding to copy filtered resources.
2021-05-22 11:25:03,601 [Worker-42: Building] INFO  o.e.m.c.i.embedder.EclipseLogger - skip non existing resourceDirectory D:\EclipseProject\AutomationFrameworkAPI\AutomationFrameworkAPI\src\main\resources
2021-05-22 11:25:03,603 [Worker-42: Building] INFO  o.e.m.c.i.embedder.EclipseLogger - Using 'UTF-8' encoding to copy filtered resources.
2021-05-22 11:25:03,604 [Worker-42: Building] INFO  o.e.m.c.i.embedder.EclipseLogger - skip non existing resourceDirectory D:\EclipseProject\AutomationFrameworkAPI\AutomationFrameworkAPI\src\test\resources
2021-05-22 11:25:11,343 [main] INFO  o.e.m2e.actions.ExecutePomAction - Creating new launch configuration
2021-05-22 11:25:26,761 [Worker-42: Launching AutomationFrameworkAPI (3)] INFO  o.e.m.i.launch.MavenLaunchDelegate - D:\EclipseProject\AutomationFrameworkAPI\AutomationFrameworkAPI
2021-05-22 11:25:26,763 [Worker-42: Launching AutomationFrameworkAPI (3)] INFO  o.e.m.i.launch.MavenLaunchDelegate -  mvn -B install
2021-05-22 11:30:55,088 [Worker-42: Building] INFO  o.e.m.c.i.embedder.EclipseLogger - Using 'UTF-8' encoding to copy filtered resources.
2021-05-22 11:30:55,088 [Worker-42: Building] INFO  o.e.m.c.i.embedder.EclipseLogger - skip non existing resourceDirectory D:\EclipseProject\AutomationFrameworkAPI\AutomationFrameworkAPI\src\main\resources
2021-05-22 11:30:55,090 [Worker-42: Building] INFO  o.e.m.c.i.embedder.EclipseLogger - Using 'UTF-8' encoding to copy filtered resources.
2021-05-22 11:30:55,091 [Worker-42: Building] INFO  o.e.m.c.i.embedder.EclipseLogger - skip non existing resourceDirectory D:\EclipseProject\AutomationFrameworkAPI\AutomationFrameworkAPI\src\test\resources
2021-05-22 11:31:29,861 [Worker-46: Building] INFO  o.e.m.c.i.embedder.EclipseLogger - Using 'UTF-8' encoding to copy filtered resources.
2021-05-22 11:31:29,861 [Worker-46: Building] INFO  o.e.m.c.i.embedder.EclipseLogger - skip non existing resourceDirectory D:\EclipseProject\AutomationFrameworkAPI\AutomationFrameworkAPI\src\main\resources
2021-05-22 11:31:29,864 [Worker-46: Building] INFO  o.e.m.c.i.embedder.EclipseLogger - Using 'UTF-8' encoding to copy filtered resources.
2021-05-22 11:31:29,865 [Worker-46: Building] INFO  o.e.m.c.i.embedder.EclipseLogger - skip non existing resourceDirectory D:\EclipseProject\AutomationFrameworkAPI\AutomationFrameworkAPI\src\test\resources
2021-05-22 11:31:54,915 [Worker-46: Building] INFO  o.e.m.c.i.l.LifecycleMappingFactory - Using org.eclipse.m2e.jdt.JarLifecycleMapping lifecycle mapping for MavenProject: PragatiTraining:AutomationFrameworkAPI:3.0 @ D:\EclipseProject\AutomationFrameworkAPI\AutomationFrameworkAPI\pom.xml.
2021-05-22 11:31:55,942 [Worker-46: Building] INFO  o.e.m.c.i.embedder.EclipseLogger - Using 'UTF-8' encoding to copy filtered resources.
2021-05-22 11:31:55,943 [Worker-46: Building] INFO  o.e.m.c.i.embedder.EclipseLogger - skip non existing resourceDirectory D:\EclipseProject\AutomationFrameworkAPI\AutomationFrameworkAPI\src\main\resources
2021-05-22 11:31:55,945 [Worker-46: Building] INFO  o.e.m.c.i.embedder.EclipseLogger - Using 'UTF-8' encoding to copy filtered resources.
2021-05-22 11:31:55,946 [Worker-46: Building] INFO  o.e.m.c.i.embedder.EclipseLogger - skip non existing resourceDirectory D:\EclipseProject\AutomationFrameworkAPI\AutomationFrameworkAPI\src\test\resources
2021-05-22 11:32:02,802 [Worker-47: Launching Executing install in D__EclipseProject_AutomationFrameworkAPI_AutomationFrameworkAPI] INFO  o.e.m.i.launch.MavenLaunchDelegate - D:\EclipseProject\AutomationFrameworkAPI\AutomationFrameworkAPI
2021-05-22 11:32:02,802 [Worker-47: Launching Executing install in D__EclipseProject_AutomationFrameworkAPI_AutomationFrameworkAPI] INFO  o.e.m.i.launch.MavenLaunchDelegate -  mvn -B install
2021-05-22 11:32:18,530 [Worker-42: Building] INFO  o.e.m.c.i.embedder.EclipseLogger - Using 'UTF-8' encoding to copy filtered resources.
2021-05-22 11:32:18,531 [Worker-42: Building] INFO  o.e.m.c.i.embedder.EclipseLogger - skip non existing resourceDirectory D:\EclipseProject\AutomationFrameworkAPI\AutomationFrameworkAPI\src\main\resources
2021-05-22 11:32:18,533 [Worker-42: Building] INFO  o.e.m.c.i.embedder.EclipseLogger - Using 'UTF-8' encoding to copy filtered resources.
2021-05-22 11:32:18,533 [Worker-42: Building] INFO  o.e.m.c.i.embedder.EclipseLogger - skip non existing resourceDirectory D:\EclipseProject\AutomationFrameworkAPI\AutomationFrameworkAPI\src\test\resources
2021-05-22 11:34:56,810 [Worker-47: Building] INFO  o.e.m.c.i.embedder.EclipseLogger - Using 'UTF-8' encoding to copy filtered resources.
2021-05-22 11:34:56,811 [Worker-47: Building] INFO  o.e.m.c.i.embedder.EclipseLogger - skip non existing resourceDirectory D:\EclipseProject\AutomationFrameworkAPI\AutomationFrameworkAPI\src\main\resources
2021-05-22 11:34:56,814 [Worker-47: Building] INFO  o.e.m.c.i.embedder.EclipseLogger - Using 'UTF-8' encoding to copy filtered resources.
2021-05-22 11:34:56,814 [Worker-47: Building] INFO  o.e.m.c.i.embedder.EclipseLogger - skip non existing resourceDirectory D:\EclipseProject\AutomationFrameworkAPI\AutomationFrameworkAPI\src\test\resources
2021-05-22 11:35:16,445 [Worker-49: Building] INFO  o.e.m.c.i.l.LifecycleMappingFactory - Using org.eclipse.m2e.jdt.JarLifecycleMapping lifecycle mapping for MavenProject: PragatiTraining:AutomationFrameworkAPI:4.0 @ D:\EclipseProject\AutomationFrameworkAPI\AutomationFrameworkAPI\pom.xml.
2021-05-22 11:35:17,042 [Worker-49: Building] INFO  o.e.m.c.i.embedder.EclipseLogger - Using 'UTF-8' encoding to copy filtered resources.
2021-05-22 11:35:17,042 [Worker-49: Building] INFO  o.e.m.c.i.embedder.EclipseLogger - skip non existing resourceDirectory D:\EclipseProject\AutomationFrameworkAPI\AutomationFrameworkAPI\src\main\resources
2021-05-22 11:35:17,044 [Worker-49: Building] INFO  o.e.m.c.i.embedder.EclipseLogger - Using 'UTF-8' encoding to copy filtered resources.
2021-05-22 11:35:17,044 [Worker-49: Building] INFO  o.e.m.c.i.embedder.EclipseLogger - skip non existing resourceDirectory D:\EclipseProject\AutomationFrameworkAPI\AutomationFrameworkAPI\src\test\resources
2021-05-22 11:35:24,166 [Worker-49: Launching Executing install in D__EclipseProject_AutomationFrameworkAPI_AutomationFrameworkAPI] INFO  o.e.m.i.launch.MavenLaunchDelegate - D:\EclipseProject\AutomationFrameworkAPI\AutomationFrameworkAPI
2021-05-22 11:35:24,167 [Worker-49: Launching Executing install in D__EclipseProject_AutomationFrameworkAPI_AutomationFrameworkAPI] INFO  o.e.m.i.launch.MavenLaunchDelegate -  mvn -B install
2021-05-22 11:35:34,225 [Worker-50: Building] INFO  o.e.m.c.i.embedder.EclipseLogger - Using 'UTF-8' encoding to copy filtered resources.
2021-05-22 11:35:34,225 [Worker-50: Building] INFO  o.e.m.c.i.embedder.EclipseLogger - skip non existing resourceDirectory D:\EclipseProject\AutomationFrameworkAPI\AutomationFrameworkAPI\src\main\resources
2021-05-22 11:35:34,227 [Worker-50: Building] INFO  o.e.m.c.i.embedder.EclipseLogger - Using 'UTF-8' encoding to copy filtered resources.
2021-05-22 11:35:34,228 [Worker-50: Building] INFO  o.e.m.c.i.embedder.EclipseLogger - skip non existing resourceDirectory D:\EclipseProject\AutomationFrameworkAPI\AutomationFrameworkAPI\src\test\resources
2021-05-22 11:39:02,591 [main] INFO  o.e.m2e.actions.ExecutePomAction - Creating new launch configuration
2021-05-22 11:39:08,133 [Worker-47: Launching AutomationFrameworkAPI (4)] INFO  o.e.m.i.launch.MavenLaunchDelegate - D:\EclipseProject\AutomationFrameworkAPI\AutomationFrameworkAPI
2021-05-22 11:39:08,133 [Worker-47: Launching AutomationFrameworkAPI (4)] INFO  o.e.m.i.launch.MavenLaunchDelegate -  mvn -B compile
2021-05-22 11:39:46,175 [Worker-47: Launching Executing install in D__EclipseProject_AutomationFrameworkAPI_AutomationFrameworkAPI] INFO  o.e.m.i.launch.MavenLaunchDelegate - D:\EclipseProject\AutomationFrameworkAPI\AutomationFrameworkAPI
2021-05-22 11:39:46,175 [Worker-47: Launching Executing install in D__EclipseProject_AutomationFrameworkAPI_AutomationFrameworkAPI] INFO  o.e.m.i.launch.MavenLaunchDelegate -  mvn -B install
2021-05-22 11:39:58,838 [Worker-53: Building] INFO  o.e.m.c.i.embedder.EclipseLogger - Using 'UTF-8' encoding to copy filtered resources.
2021-05-22 11:39:58,840 [Worker-53: Building] INFO  o.e.m.c.i.embedder.EclipseLogger - skip non existing resourceDirectory D:\EclipseProject\AutomationFrameworkAPI\AutomationFrameworkAPI\src\main\resources
2021-05-22 11:39:58,843 [Worker-53: Building] INFO  o.e.m.c.i.embedder.EclipseLogger - Using 'UTF-8' encoding to copy filtered resources.
2021-05-22 11:39:58,843 [Worker-53: Building] INFO  o.e.m.c.i.embedder.EclipseLogger - skip non existing resourceDirectory D:\EclipseProject\AutomationFrameworkAPI\AutomationFrameworkAPI\src\test\resources
2021-05-22 11:43:00,330 [Worker-53: Building] INFO  o.e.m.c.i.l.LifecycleMappingFactory - Using org.eclipse.m2e.jdt.JarLifecycleMapping lifecycle mapping for MavenProject: PragatiTraining:AutomationFrameworkAPI:6.0 @ D:\EclipseProject\AutomationFrameworkAPI\AutomationFrameworkAPI\pom.xml.
2021-05-22 11:43:01,177 [Worker-53: Building] INFO  o.e.m.c.i.embedder.EclipseLogger - Using 'UTF-8' encoding to copy filtered resources.
2021-05-22 11:43:01,178 [Worker-53: Building] INFO  o.e.m.c.i.embedder.EclipseLogger - skip non existing resourceDirectory D:\EclipseProject\AutomationFrameworkAPI\AutomationFrameworkAPI\src\main\resources
2021-05-22 11:43:01,180 [Worker-53: Building] INFO  o.e.m.c.i.embedder.EclipseLogger - Using 'UTF-8' encoding to copy filtered resources.
2021-05-22 11:43:01,181 [Worker-53: Building] INFO  o.e.m.c.i.embedder.EclipseLogger - skip non existing resourceDirectory D:\EclipseProject\AutomationFrameworkAPI\AutomationFrameworkAPI\src\test\resources
2021-05-22 11:43:06,080 [Worker-53: Launching Executing install in D__EclipseProject_AutomationFrameworkAPI_AutomationFrameworkAPI] INFO  o.e.m.i.launch.MavenLaunchDelegate - D:\EclipseProject\AutomationFrameworkAPI\AutomationFrameworkAPI
2021-05-22 11:43:06,081 [Worker-53: Launching Executing install in D__EclipseProject_AutomationFrameworkAPI_AutomationFrameworkAPI] INFO  o.e.m.i.launch.MavenLaunchDelegate -  mvn -B install
2021-05-22 11:43:19,690 [Worker-56: Building] INFO  o.e.m.c.i.embedder.EclipseLogger - Using 'UTF-8' encoding to copy filtered resources.
2021-05-22 11:43:19,690 [Worker-56: Building] INFO  o.e.m.c.i.embedder.EclipseLogger - skip non existing resourceDirectory D:\EclipseProject\AutomationFrameworkAPI\AutomationFrameworkAPI\src\main\resources
2021-05-22 11:43:19,696 [Worker-56: Building] INFO  o.e.m.c.i.embedder.EclipseLogger - Using 'UTF-8' encoding to copy filtered resources.
2021-05-22 11:43:19,697 [Worker-56: Building] INFO  o.e.m.c.i.embedder.EclipseLogger - skip non existing resourceDirectory D:\EclipseProject\AutomationFrameworkAPI\AutomationFrameworkAPI\src\test\resources
2021-05-22 11:56:16,433 [Worker-58: Building] INFO  o.e.m.c.i.embedder.EclipseLogger - Using 'UTF-8' encoding to copy filtered resources.
2021-05-22 11:56:16,433 [Worker-58: Building] INFO  o.e.m.c.i.embedder.EclipseLogger - skip non existing resourceDirectory D:\EclipseProject\AutomationFrameworkAPI\AutomationFrameworkAPI\src\main\resources
2021-05-22 11:56:16,437 [Worker-58: Building] INFO  o.e.m.c.i.embedder.EclipseLogger - Using 'UTF-8' encoding to copy filtered resources.
2021-05-22 11:56:16,437 [Worker-58: Building] INFO  o.e.m.c.i.embedder.EclipseLogger - skip non existing resourceDirectory D:\EclipseProject\AutomationFrameworkAPI\AutomationFrameworkAPI\src\test\resources
2021-05-22 11:56:25,731 [Worker-62: Launching Executing install in D__EclipseProject_AutomationFrameworkAPI_AutomationFrameworkAPI] INFO  o.e.m.i.launch.MavenLaunchDelegate - D:\EclipseProject\AutomationFrameworkAPI\AutomationFrameworkAPI
2021-05-22 11:56:25,732 [Worker-62: Launching Executing install in D__EclipseProject_AutomationFrameworkAPI_AutomationFrameworkAPI] INFO  o.e.m.i.launch.MavenLaunchDelegate -  mvn -B install
2021-05-22 11:56:40,637 [Worker-62: Building] INFO  o.e.m.c.i.embedder.EclipseLogger - Using 'UTF-8' encoding to copy filtered resources.
2021-05-22 11:56:40,638 [Worker-62: Building] INFO  o.e.m.c.i.embedder.EclipseLogger - skip non existing resourceDirectory D:\EclipseProject\AutomationFrameworkAPI\AutomationFrameworkAPI\src\main\resources
2021-05-22 11:56:40,641 [Worker-62: Building] INFO  o.e.m.c.i.embedder.EclipseLogger - Using 'UTF-8' encoding to copy filtered resources.
2021-05-22 11:56:40,642 [Worker-62: Building] INFO  o.e.m.c.i.embedder.EclipseLogger - skip non existing resourceDirectory D:\EclipseProject\AutomationFrameworkAPI\AutomationFrameworkAPI\src\test\resources
2021-05-22 11:57:51,340 [Worker-61: Building] INFO  o.e.m.c.i.embedder.EclipseLogger - Using 'UTF-8' encoding to copy filtered resources.
2021-05-22 11:57:51,341 [Worker-61: Building] INFO  o.e.m.c.i.embedder.EclipseLogger - skip non existing resourceDirectory D:\EclipseProject\AutomationFrameworkAPI\AutomationFrameworkAPI\src\main\resources
2021-05-22 11:57:51,343 [Worker-61: Building] INFO  o.e.m.c.i.embedder.EclipseLogger - Using 'UTF-8' encoding to copy filtered resources.
2021-05-22 11:57:51,343 [Worker-61: Building] INFO  o.e.m.c.i.embedder.EclipseLogger - skip non existing resourceDirectory D:\EclipseProject\AutomationFrameworkAPI\AutomationFrameworkAPI\src\test\resources
2021-05-22 11:58:06,814 [Worker-58: Building] INFO  o.e.m.c.i.l.LifecycleMappingFactory - Using org.eclipse.m2e.jdt.JarLifecycleMapping lifecycle mapping for MavenProject: PragatiTraining:AutomationFrameworkAPI:7.0 @ D:\EclipseProject\AutomationFrameworkAPI\AutomationFrameworkAPI\pom.xml.
2021-05-22 11:58:08,706 [Worker-58: Building] INFO  o.e.m.c.i.embedder.EclipseLogger - Using 'UTF-8' encoding to copy filtered resources.
2021-05-22 11:58:08,706 [Worker-58: Building] INFO  o.e.m.c.i.embedder.EclipseLogger - skip non existing resourceDirectory D:\EclipseProject\AutomationFrameworkAPI\AutomationFrameworkAPI\src\main\resources
2021-05-22 11:58:08,710 [Worker-58: Building] INFO  o.e.m.c.i.embedder.EclipseLogger - Using 'UTF-8' encoding to copy filtered resources.
2021-05-22 11:58:08,710 [Worker-58: Building] INFO  o.e.m.c.i.embedder.EclipseLogger - skip non existing resourceDirectory D:\EclipseProject\AutomationFrameworkAPI\AutomationFrameworkAPI\src\test\resources
2021-05-22 11:58:12,954 [Worker-62: Launching Executing install in D__EclipseProject_AutomationFrameworkAPI_AutomationFrameworkAPI] INFO  o.e.m.i.launch.MavenLaunchDelegate - D:\EclipseProject\AutomationFrameworkAPI\AutomationFrameworkAPI
2021-05-22 11:58:12,954 [Worker-62: Launching Executing install in D__EclipseProject_AutomationFrameworkAPI_AutomationFrameworkAPI] INFO  o.e.m.i.launch.MavenLaunchDelegate -  mvn -B install
2021-05-22 11:58:26,350 [Worker-61: Building] INFO  o.e.m.c.i.embedder.EclipseLogger - Using 'UTF-8' encoding to copy filtered resources.
2021-05-22 11:58:26,350 [Worker-61: Building] INFO  o.e.m.c.i.embedder.EclipseLogger - skip non existing resourceDirectory D:\EclipseProject\AutomationFrameworkAPI\AutomationFrameworkAPI\src\main\resources
2021-05-22 11:58:26,352 [Worker-61: Building] INFO  o.e.m.c.i.embedder.EclipseLogger - Using 'UTF-8' encoding to copy filtered resources.
2021-05-22 11:58:26,353 [Worker-61: Building] INFO  o.e.m.c.i.embedder.EclipseLogger - skip non existing resourceDirectory D:\EclipseProject\AutomationFrameworkAPI\AutomationFrameworkAPI\src\test\resources
2021-05-22 13:23:05,068 [Worker-2: Loading available Gradle versions] INFO  o.e.b.c.i.u.g.PublishedGradleVersions - Gradle version information cache is up-to-date. Trying to read.
